<?xml version="1.0" encoding="UTF-8" ?>
<testsuite tests="17" failures="17" name="com.training.epam.ticketservice.at.TestExecutor" time="2.975" errors="0" skipped="0">
  <properties>
    <property name="java.runtime.name" value="Java(TM) SE Runtime Environment"/>
    <property name="java.vm.version" value="17.0.5+9-LTS-191"/>
    <property name="sun.boot.library.path" value="D:\Download\jdk-17.0.5\bin"/>
    <property name="maven.multiModuleProjectDirectory" value="D:\Java_fej\epam-deik-java-dev\final"/>
    <property name="java.vm.vendor" value="Oracle Corporation"/>
    <property name="java.vendor.url" value="https://java.oracle.com/"/>
    <property name="guice.disable.misplaced.annotation.check" value="true"/>
    <property name="path.separator" value=";"/>
    <property name="java.vm.name" value="Java HotSpot(TM) 64-Bit Server VM"/>
    <property name="sun.os.patch.level" value=""/>
    <property name="user.script" value=""/>
    <property name="user.country" value="US"/>
    <property name="sun.java.launcher" value="SUN_STANDARD"/>
    <property name="java.vm.specification.name" value="Java Virtual Machine Specification"/>
    <property name="user.dir" value="D:\Java_fej\epam-deik-java-dev\final"/>
    <property name="java.vm.compressedOopsMode" value="Zero based"/>
    <property name="java.runtime.version" value="17.0.5+9-LTS-191"/>
    <property name="os.arch" value="amd64"/>
    <property name="java.io.tmpdir" value="C:\Users\roszp\AppData\Local\Temp\"/>
    <property name="line.separator" value="
"/>
    <property name="java.vm.specification.vendor" value="Oracle Corporation"/>
    <property name="user.variant" value=""/>
    <property name="os.name" value="Windows 10"/>
    <property name="classworlds.conf" value="D:\Download\apache-maven-3.8.6\bin\m2.conf"/>
    <property name="sun.jnu.encoding" value="Cp1252"/>
    <property name="java.library.path" value="D:\Download\jdk-17.0.5\bin;C:\Windows\Sun\Java\bin;C:\Windows\system32;C:\Windows;C:\Program Files (x86)\Common Files\Oracle\Java\javapath;C:\Windows\system32;C:\Windows;C:\Windows\System32\Wbem;C:\Windows\System32\WindowsPowerShell\v1.0\;C:\Windows\System32\OpenSSH\;C:\Program Files (x86)\NVIDIA Corporation\PhysX\Common;C:\Program Files\NVIDIA Corporation\NVIDIA NvDLISR;D:\Git\cmd;D:\Download\apache-maven-3.8.6\bin;D:\Download\jdk-17.0.5\bin;C:\Users\roszp\AppData\Local\Microsoft\WindowsApps;;D:\IntelliJ IDEA Community Edition 2022.2.3\bin;;D:\Microsoft VS Code\bin;."/>
    <property name="maven.conf" value="D:\Download\apache-maven-3.8.6/conf"/>
    <property name="jdk.debug" value="release"/>
    <property name="java.class.version" value="61.0"/>
    <property name="java.specification.name" value="Java Platform API Specification"/>
    <property name="sun.management.compiler" value="HotSpot 64-Bit Tiered Compilers"/>
    <property name="os.version" value="10.0"/>
    <property name="library.jansi.path" value="D:\Download\apache-maven-3.8.6\lib\jansi-native"/>
    <property name="user.home" value="C:\Users\roszp"/>
    <property name="user.timezone" value="Europe/Budapest"/>
    <property name="file.encoding" value="Cp1252"/>
    <property name="java.specification.version" value="17"/>
    <property name="user.name" value="roszp"/>
    <property name="java.class.path" value="D:\Download\apache-maven-3.8.6\boot\plexus-classworlds-2.6.0.jar"/>
    <property name="java.vm.specification.version" value="17"/>
    <property name="sun.arch.data.model" value="64"/>
    <property name="sun.java.command" value="org.codehaus.plexus.classworlds.launcher.Launcher clean verify"/>
    <property name="java.home" value="D:\Download\jdk-17.0.5"/>
    <property name="user.language" value="en"/>
    <property name="java.specification.vendor" value="Oracle Corporation"/>
    <property name="java.vm.info" value="mixed mode, sharing"/>
    <property name="java.version" value="17.0.5"/>
    <property name="native.encoding" value="Cp1252"/>
    <property name="java.vendor" value="Oracle Corporation"/>
    <property name="sun.stderr.encoding" value="cp437"/>
    <property name="maven.home" value="D:\Download\apache-maven-3.8.6"/>
    <property name="file.separator" value="\"/>
    <property name="java.version.date" value="2022-10-18"/>
    <property name="java.vendor.url.bug" value="https://bugreport.java.com/bugreport/"/>
    <property name="sun.io.unicode.encoding" value="UnicodeLittle"/>
    <property name="sun.cpu.endian" value="little"/>
    <property name="sun.stdout.encoding" value="cp437"/>
    <property name="sun.cpu.isalist" value="amd64"/>
  </properties>
  <testcase classname="allow creating accounts and logging in" name="the admin account exists by default and can be logged in with the correct password" time="0.337">
    <failure message="The service is not running." type="java.lang.AssertionError">java.lang.AssertionError: The service is not running.
	at com.training.epam.ticketservice.at.ProcessUnderTest.verifyProcessIsRunning(ProcessUnderTest.java:92)
	at com.training.epam.ticketservice.at.ProcessUnderTest.run(ProcessUnderTest.java:37)
	at com.training.epam.ticketservice.at.GenericCliProcessStepDefs.applicationStarted(GenericCliProcessStepDefs.java:27)
	at ✽.the application is started(file:///D:/Java_fej/epam-deik-java-dev/final/ticket-service-acceptance-tests/src/test/resources/features/accounts.feature:4)
</failure>
  </testcase>
  <testcase classname="allow creating accounts and logging in" name="the admin account can be signed out" time="0.158">
    <failure message="The service is not running." type="java.lang.AssertionError">java.lang.AssertionError: The service is not running.
	at com.training.epam.ticketservice.at.ProcessUnderTest.verifyProcessIsRunning(ProcessUnderTest.java:92)
	at com.training.epam.ticketservice.at.ProcessUnderTest.run(ProcessUnderTest.java:37)
	at com.training.epam.ticketservice.at.GenericCliProcessStepDefs.applicationStarted(GenericCliProcessStepDefs.java:27)
	at ✽.the application is started(file:///D:/Java_fej/epam-deik-java-dev/final/ticket-service-acceptance-tests/src/test/resources/features/accounts.feature:4)
</failure>
  </testcase>
  <testcase classname="allow creating accounts and logging in" name="the admin account can not be logged in with incorrect password" time="0.171">
    <failure message="The service is not running." type="java.lang.AssertionError">java.lang.AssertionError: The service is not running.
	at com.training.epam.ticketservice.at.ProcessUnderTest.verifyProcessIsRunning(ProcessUnderTest.java:92)
	at com.training.epam.ticketservice.at.ProcessUnderTest.run(ProcessUnderTest.java:37)
	at com.training.epam.ticketservice.at.GenericCliProcessStepDefs.applicationStarted(GenericCliProcessStepDefs.java:27)
	at ✽.the application is started(file:///D:/Java_fej/epam-deik-java-dev/final/ticket-service-acceptance-tests/src/test/resources/features/accounts.feature:4)
</failure>
  </testcase>
  <testcase classname="allows creating movie descriptions" name="an admin user can create and list movies" time="0.171">
    <failure message="The service is not running." type="java.lang.AssertionError">java.lang.AssertionError: The service is not running.
	at com.training.epam.ticketservice.at.ProcessUnderTest.verifyProcessIsRunning(ProcessUnderTest.java:92)
	at com.training.epam.ticketservice.at.ProcessUnderTest.run(ProcessUnderTest.java:37)
	at com.training.epam.ticketservice.at.GenericCliProcessStepDefs.applicationStarted(GenericCliProcessStepDefs.java:27)
	at ✽.the application is started(file:///D:/Java_fej/epam-deik-java-dev/final/ticket-service-acceptance-tests/src/test/resources/features/movies.feature:3)
</failure>
  </testcase>
  <testcase classname="allows creating movie descriptions" name="an admin user can update a movie" time="0.157">
    <failure message="The service is not running." type="java.lang.AssertionError">java.lang.AssertionError: The service is not running.
	at com.training.epam.ticketservice.at.ProcessUnderTest.verifyProcessIsRunning(ProcessUnderTest.java:92)
	at com.training.epam.ticketservice.at.ProcessUnderTest.run(ProcessUnderTest.java:37)
	at com.training.epam.ticketservice.at.GenericCliProcessStepDefs.applicationStarted(GenericCliProcessStepDefs.java:27)
	at ✽.the application is started(file:///D:/Java_fej/epam-deik-java-dev/final/ticket-service-acceptance-tests/src/test/resources/features/movies.feature:3)
</failure>
  </testcase>
  <testcase classname="allows creating movie descriptions" name="an admin user can delete a movie" time="0.171">
    <failure message="The service is not running." type="java.lang.AssertionError">java.lang.AssertionError: The service is not running.
	at com.training.epam.ticketservice.at.ProcessUnderTest.verifyProcessIsRunning(ProcessUnderTest.java:92)
	at com.training.epam.ticketservice.at.ProcessUnderTest.run(ProcessUnderTest.java:37)
	at com.training.epam.ticketservice.at.GenericCliProcessStepDefs.applicationStarted(GenericCliProcessStepDefs.java:27)
	at ✽.the application is started(file:///D:/Java_fej/epam-deik-java-dev/final/ticket-service-acceptance-tests/src/test/resources/features/movies.feature:3)
</failure>
  </testcase>
  <testcase classname="allows creating movie descriptions" name="an unauthenticated user can list movies" time="0.158">
    <failure message="The service is not running." type="java.lang.AssertionError">java.lang.AssertionError: The service is not running.
	at com.training.epam.ticketservice.at.ProcessUnderTest.verifyProcessIsRunning(ProcessUnderTest.java:92)
	at com.training.epam.ticketservice.at.ProcessUnderTest.run(ProcessUnderTest.java:37)
	at com.training.epam.ticketservice.at.GenericCliProcessStepDefs.applicationStarted(GenericCliProcessStepDefs.java:27)
	at ✽.the application is started(file:///D:/Java_fej/epam-deik-java-dev/final/ticket-service-acceptance-tests/src/test/resources/features/movies.feature:3)
</failure>
  </testcase>
  <testcase classname="allow creating, reading, updating and deleting rooms where the screenings will happen" name="an admin user can create and list rooms" time="0.171">
    <failure message="The service is not running." type="java.lang.AssertionError">java.lang.AssertionError: The service is not running.
	at com.training.epam.ticketservice.at.ProcessUnderTest.verifyProcessIsRunning(ProcessUnderTest.java:92)
	at com.training.epam.ticketservice.at.ProcessUnderTest.run(ProcessUnderTest.java:37)
	at com.training.epam.ticketservice.at.GenericCliProcessStepDefs.applicationStarted(GenericCliProcessStepDefs.java:27)
	at ✽.the application is started(file:///D:/Java_fej/epam-deik-java-dev/final/ticket-service-acceptance-tests/src/test/resources/features/rooms.feature:4)
</failure>
  </testcase>
  <testcase classname="allow creating, reading, updating and deleting rooms where the screenings will happen" name="an admin user can update a room" time="0.172">
    <failure message="The service is not running." type="java.lang.AssertionError">java.lang.AssertionError: The service is not running.
	at com.training.epam.ticketservice.at.ProcessUnderTest.verifyProcessIsRunning(ProcessUnderTest.java:92)
	at com.training.epam.ticketservice.at.ProcessUnderTest.run(ProcessUnderTest.java:37)
	at com.training.epam.ticketservice.at.GenericCliProcessStepDefs.applicationStarted(GenericCliProcessStepDefs.java:27)
	at ✽.the application is started(file:///D:/Java_fej/epam-deik-java-dev/final/ticket-service-acceptance-tests/src/test/resources/features/rooms.feature:4)
</failure>
  </testcase>
  <testcase classname="allow creating, reading, updating and deleting rooms where the screenings will happen" name="an admin user can delete a room" time="0.157">
    <failure message="The service is not running." type="java.lang.AssertionError">java.lang.AssertionError: The service is not running.
	at com.training.epam.ticketservice.at.ProcessUnderTest.verifyProcessIsRunning(ProcessUnderTest.java:92)
	at com.training.epam.ticketservice.at.ProcessUnderTest.run(ProcessUnderTest.java:37)
	at com.training.epam.ticketservice.at.GenericCliProcessStepDefs.applicationStarted(GenericCliProcessStepDefs.java:27)
	at ✽.the application is started(file:///D:/Java_fej/epam-deik-java-dev/final/ticket-service-acceptance-tests/src/test/resources/features/rooms.feature:4)
</failure>
  </testcase>
  <testcase classname="allow creating, reading, updating and deleting rooms where the screenings will happen" name="an unauthenticated user can list rooms" time="0.155">
    <failure message="The service is not running." type="java.lang.AssertionError">java.lang.AssertionError: The service is not running.
	at com.training.epam.ticketservice.at.ProcessUnderTest.verifyProcessIsRunning(ProcessUnderTest.java:92)
	at com.training.epam.ticketservice.at.ProcessUnderTest.run(ProcessUnderTest.java:37)
	at com.training.epam.ticketservice.at.GenericCliProcessStepDefs.applicationStarted(GenericCliProcessStepDefs.java:27)
	at ✽.the application is started(file:///D:/Java_fej/epam-deik-java-dev/final/ticket-service-acceptance-tests/src/test/resources/features/rooms.feature:4)
</failure>
  </testcase>
  <testcase classname="allows creating, deleting and listing screenings" name="The admin user can create and query screenings" time="0.171">
    <failure message="The service is not running." type="java.lang.AssertionError">java.lang.AssertionError: The service is not running.
	at com.training.epam.ticketservice.at.ProcessUnderTest.verifyProcessIsRunning(ProcessUnderTest.java:92)
	at com.training.epam.ticketservice.at.ProcessUnderTest.run(ProcessUnderTest.java:37)
	at com.training.epam.ticketservice.at.GenericCliProcessStepDefs.applicationStarted(GenericCliProcessStepDefs.java:27)
	at ✽.the application is started(file:///D:/Java_fej/epam-deik-java-dev/final/ticket-service-acceptance-tests/src/test/resources/features/screenings.feature:3)
</failure>
  </testcase>
  <testcase classname="allows creating, deleting and listing screenings" name="The admin can not create overlapping screenings in the same room" time="0.172">
    <failure message="The service is not running." type="java.lang.AssertionError">java.lang.AssertionError: The service is not running.
	at com.training.epam.ticketservice.at.ProcessUnderTest.verifyProcessIsRunning(ProcessUnderTest.java:92)
	at com.training.epam.ticketservice.at.ProcessUnderTest.run(ProcessUnderTest.java:37)
	at com.training.epam.ticketservice.at.GenericCliProcessStepDefs.applicationStarted(GenericCliProcessStepDefs.java:27)
	at ✽.the application is started(file:///D:/Java_fej/epam-deik-java-dev/final/ticket-service-acceptance-tests/src/test/resources/features/screenings.feature:3)
</failure>
  </testcase>
  <testcase classname="allows creating, deleting and listing screenings" name="The admin can create overlapping screenings in different rooms" time="0.156">
    <failure message="The service is not running." type="java.lang.AssertionError">java.lang.AssertionError: The service is not running.
	at com.training.epam.ticketservice.at.ProcessUnderTest.verifyProcessIsRunning(ProcessUnderTest.java:92)
	at com.training.epam.ticketservice.at.ProcessUnderTest.run(ProcessUnderTest.java:37)
	at com.training.epam.ticketservice.at.GenericCliProcessStepDefs.applicationStarted(GenericCliProcessStepDefs.java:27)
	at ✽.the application is started(file:///D:/Java_fej/epam-deik-java-dev/final/ticket-service-acceptance-tests/src/test/resources/features/screenings.feature:3)
</failure>
  </testcase>
  <testcase classname="allows creating, deleting and listing screenings" name="The admin can not create screenings during a 10 minute long breaks after another screening in the same room" time="0.17">
    <failure message="The service is not running." type="java.lang.AssertionError">java.lang.AssertionError: The service is not running.
	at com.training.epam.ticketservice.at.ProcessUnderTest.verifyProcessIsRunning(ProcessUnderTest.java:92)
	at com.training.epam.ticketservice.at.ProcessUnderTest.run(ProcessUnderTest.java:37)
	at com.training.epam.ticketservice.at.GenericCliProcessStepDefs.applicationStarted(GenericCliProcessStepDefs.java:27)
	at ✽.the application is started(file:///D:/Java_fej/epam-deik-java-dev/final/ticket-service-acceptance-tests/src/test/resources/features/screenings.feature:3)
</failure>
  </testcase>
  <testcase classname="allows creating, deleting and listing screenings" name="The admin can create screenings even if there is a break after a screening in a different room" time="0.158">
    <failure message="The service is not running." type="java.lang.AssertionError">java.lang.AssertionError: The service is not running.
	at com.training.epam.ticketservice.at.ProcessUnderTest.verifyProcessIsRunning(ProcessUnderTest.java:92)
	at com.training.epam.ticketservice.at.ProcessUnderTest.run(ProcessUnderTest.java:37)
	at com.training.epam.ticketservice.at.GenericCliProcessStepDefs.applicationStarted(GenericCliProcessStepDefs.java:27)
	at ✽.the application is started(file:///D:/Java_fej/epam-deik-java-dev/final/ticket-service-acceptance-tests/src/test/resources/features/screenings.feature:3)
</failure>
  </testcase>
  <testcase classname="allows creating, deleting and listing screenings" name="The admin user can delete screenings" time="0.17">
    <failure message="The service is not running." type="java.lang.AssertionError">java.lang.AssertionError: The service is not running.
	at com.training.epam.ticketservice.at.ProcessUnderTest.verifyProcessIsRunning(ProcessUnderTest.java:92)
	at com.training.epam.ticketservice.at.ProcessUnderTest.run(ProcessUnderTest.java:37)
	at com.training.epam.ticketservice.at.GenericCliProcessStepDefs.applicationStarted(GenericCliProcessStepDefs.java:27)
	at ✽.the application is started(file:///D:/Java_fej/epam-deik-java-dev/final/ticket-service-acceptance-tests/src/test/resources/features/screenings.feature:3)
</failure>
  </testcase>
</testsuite>